Analysis & Synthesis report for Practica4
Sun Sep 29 21:13:08 2019
Quartus Prime Version 18.1.0 Build 625 09/12/2018 SJ Lite Edition


---------------------
; Table of Contents ;
---------------------
  1. Legal Notice
  2. Analysis & Synthesis Summary
  3. Analysis & Synthesis Settings
  4. Parallel Compilation
  5. Analysis & Synthesis Source Files Read
  6. Analysis & Synthesis Resource Usage Summary
  7. Analysis & Synthesis Resource Utilization by Entity
  8. User-Specified and Inferred Latches
  9. Registers Removed During Synthesis
 10. General Register Statistics
 11. Multiplexer Restructuring Statistics (Restructuring Performed)
 12. Post-Synthesis Netlist Statistics for Top Partition
 13. Elapsed Time Per Partition
 14. Analysis & Synthesis Messages



----------------
; Legal Notice ;
----------------
Copyright (C) 2018  Intel Corporation. All rights reserved.
Your use of Intel Corporation's design tools, logic functions 
and other software and tools, and its AMPP partner logic 
functions, and any output files from any of the foregoing 
(including device programming or simulation files), and any 
associated documentation or information are expressly subject 
to the terms and conditions of the Intel Program License 
Subscription Agreement, the Intel Quartus Prime License Agreement,
the Intel FPGA IP License Agreement, or other applicable license
agreement, including, without limitation, that your use is for
the sole purpose of programming logic devices manufactured by
Intel and sold by Intel or its authorized distributors.  Please
refer to the applicable agreement for further details.



+----------------------------------------------------------------------------------+
; Analysis & Synthesis Summary                                                     ;
+------------------------------------+---------------------------------------------+
; Analysis & Synthesis Status        ; Successful - Sun Sep 29 21:13:08 2019       ;
; Quartus Prime Version              ; 18.1.0 Build 625 09/12/2018 SJ Lite Edition ;
; Revision Name                      ; Practica4                                   ;
; Top-level Entity Name              ; Practica4                                   ;
; Family                             ; Cyclone IV E                                ;
; Total logic elements               ; 89                                          ;
;     Total combinational functions  ; 87                                          ;
;     Dedicated logic registers      ; 20                                          ;
; Total registers                    ; 20                                          ;
; Total pins                         ; 18                                          ;
; Total virtual pins                 ; 0                                           ;
; Total memory bits                  ; 0                                           ;
; Embedded Multiplier 9-bit elements ; 0                                           ;
; Total PLLs                         ; 0                                           ;
+------------------------------------+---------------------------------------------+


+------------------------------------------------------------------------------------------------------------+
; Analysis & Synthesis Settings                                                                              ;
+------------------------------------------------------------------+--------------------+--------------------+
; Option                                                           ; Setting            ; Default Value      ;
+------------------------------------------------------------------+--------------------+--------------------+
; Device                                                           ; EP4CE22F17C6       ;                    ;
; Top-level entity name                                            ; Practica4          ; Practica4          ;
; Family name                                                      ; Cyclone IV E       ; Cyclone V          ;
; Maximum processors allowed for parallel compilation              ; All                ;                    ;
; Use smart compilation                                            ; Off                ; Off                ;
; Enable parallel Assembler and Timing Analyzer during compilation ; On                 ; On                 ;
; Enable compact report table                                      ; Off                ; Off                ;
; Restructure Multiplexers                                         ; Auto               ; Auto               ;
; Create Debugging Nodes for IP Cores                              ; Off                ; Off                ;
; Preserve fewer node names                                        ; On                 ; On                 ;
; Intel FPGA IP Evaluation Mode                                    ; Enable             ; Enable             ;
; Verilog Version                                                  ; Verilog_2001       ; Verilog_2001       ;
; VHDL Version                                                     ; VHDL_1993          ; VHDL_1993          ;
; State Machine Processing                                         ; Auto               ; Auto               ;
; Safe State Machine                                               ; Off                ; Off                ;
; Extract Verilog State Machines                                   ; On                 ; On                 ;
; Extract VHDL State Machines                                      ; On                 ; On                 ;
; Ignore Verilog initial constructs                                ; Off                ; Off                ;
; Iteration limit for constant Verilog loops                       ; 5000               ; 5000               ;
; Iteration limit for non-constant Verilog loops                   ; 250                ; 250                ;
; Add Pass-Through Logic to Inferred RAMs                          ; On                 ; On                 ;
; Infer RAMs from Raw Logic                                        ; On                 ; On                 ;
; Parallel Synthesis                                               ; On                 ; On                 ;
; DSP Block Balancing                                              ; Auto               ; Auto               ;
; NOT Gate Push-Back                                               ; On                 ; On                 ;
; Power-Up Don't Care                                              ; On                 ; On                 ;
; Remove Redundant Logic Cells                                     ; Off                ; Off                ;
; Remove Duplicate Registers                                       ; On                 ; On                 ;
; Ignore CARRY Buffers                                             ; Off                ; Off                ;
; Ignore CASCADE Buffers                                           ; Off                ; Off                ;
; Ignore GLOBAL Buffers                                            ; Off                ; Off                ;
; Ignore ROW GLOBAL Buffers                                        ; Off                ; Off                ;
; Ignore LCELL Buffers                                             ; Off                ; Off                ;
; Ignore SOFT Buffers                                              ; On                 ; On                 ;
; Limit AHDL Integers to 32 Bits                                   ; Off                ; Off                ;
; Optimization Technique                                           ; Balanced           ; Balanced           ;
; Carry Chain Length                                               ; 70                 ; 70                 ;
; Auto Carry Chains                                                ; On                 ; On                 ;
; Auto Open-Drain Pins                                             ; On                 ; On                 ;
; Perform WYSIWYG Primitive Resynthesis                            ; Off                ; Off                ;
; Auto ROM Replacement                                             ; On                 ; On                 ;
; Auto RAM Replacement                                             ; On                 ; On                 ;
; Auto DSP Block Replacement                                       ; On                 ; On                 ;
; Auto Shift Register Replacement                                  ; Auto               ; Auto               ;
; Allow Shift Register Merging across Hierarchies                  ; Auto               ; Auto               ;
; Auto Clock Enable Replacement                                    ; On                 ; On                 ;
; Strict RAM Replacement                                           ; Off                ; Off                ;
; Allow Synchronous Control Signals                                ; On                 ; On                 ;
; Force Use of Synchronous Clear Signals                           ; Off                ; Off                ;
; Auto RAM Block Balancing                                         ; On                 ; On                 ;
; Auto RAM to Logic Cell Conversion                                ; Off                ; Off                ;
; Auto Resource Sharing                                            ; Off                ; Off                ;
; Allow Any RAM Size For Recognition                               ; Off                ; Off                ;
; Allow Any ROM Size For Recognition                               ; Off                ; Off                ;
; Allow Any Shift Register Size For Recognition                    ; Off                ; Off                ;
; Use LogicLock Constraints during Resource Balancing              ; On                 ; On                 ;
; Ignore translate_off and synthesis_off directives                ; Off                ; Off                ;
; Timing-Driven Synthesis                                          ; On                 ; On                 ;
; Report Parameter Settings                                        ; On                 ; On                 ;
; Report Source Assignments                                        ; On                 ; On                 ;
; Report Connectivity Checks                                       ; On                 ; On                 ;
; Ignore Maximum Fan-Out Assignments                               ; Off                ; Off                ;
; Synchronization Register Chain Length                            ; 2                  ; 2                  ;
; Power Optimization During Synthesis                              ; Normal compilation ; Normal compilation ;
; HDL message level                                                ; Level2             ; Level2             ;
; Suppress Register Optimization Related Messages                  ; Off                ; Off                ;
; Number of Removed Registers Reported in Synthesis Report         ; 5000               ; 5000               ;
; Number of Swept Nodes Reported in Synthesis Report               ; 5000               ; 5000               ;
; Number of Inverted Registers Reported in Synthesis Report        ; 100                ; 100                ;
; Clock MUX Protection                                             ; On                 ; On                 ;
; Auto Gated Clock Conversion                                      ; Off                ; Off                ;
; Block Design Naming                                              ; Auto               ; Auto               ;
; SDC constraint protection                                        ; Off                ; Off                ;
; Synthesis Effort                                                 ; Auto               ; Auto               ;
; Shift Register Replacement - Allow Asynchronous Clear Signal     ; On                 ; On                 ;
; Pre-Mapping Resynthesis Optimization                             ; Off                ; Off                ;
; Analysis & Synthesis Message Level                               ; Medium             ; Medium             ;
; Disable Register Merging Across Hierarchies                      ; Auto               ; Auto               ;
; Resource Aware Inference For Block RAM                           ; On                 ; On                 ;
+------------------------------------------------------------------+--------------------+--------------------+


+------------------------------------------+
; Parallel Compilation                     ;
+----------------------------+-------------+
; Processors                 ; Number      ;
+----------------------------+-------------+
; Number detected on machine ; 8           ;
; Maximum allowed            ; 4           ;
;                            ;             ;
; Average used               ; 1.00        ;
; Maximum used               ; 4           ;
;                            ;             ;
; Usage by Processor         ; % Time Used ;
;     Processor 1            ; 100.0%      ;
;     Processors 2-4         ;   0.0%      ;
+----------------------------+-------------+


+---------------------------------------------------------------------------------------------------------------------------------------------------------------------+
; Analysis & Synthesis Source Files Read                                                                                                                              ;
+----------------------------------+-----------------+------------------------------------+-----------------------------------------------------------------+---------+
; File Name with User-Entered Path ; Used in Netlist ; File Type                          ; File Name with Absolute Path                                    ; Library ;
+----------------------------------+-----------------+------------------------------------+-----------------------------------------------------------------+---------+
; divider.vhd                      ; yes             ; User VHDL File                     ; /home/sirivasv/Documents/MCC/MCC-AC/Practica4/divider.vhd       ;         ;
; Practica4.bdf                    ; yes             ; User Block Diagram/Schematic File  ; /home/sirivasv/Documents/MCC/MCC-AC/Practica4/Practica4.bdf     ;         ;
; register4.vhd                    ; yes             ; User VHDL File                     ; /home/sirivasv/Documents/MCC/MCC-AC/Practica4/register4.vhd     ;         ;
; rTrans4nin.vhd                   ; yes             ; User VHDL File                     ; /home/sirivasv/Documents/MCC/MCC-AC/Practica4/rTrans4nin.vhd    ;         ;
; rInt4nin.vhd                     ; yes             ; User VHDL File                     ; /home/sirivasv/Documents/MCC/MCC-AC/Practica4/rInt4nin.vhd      ;         ;
; memoria.vhd                      ; yes             ; User VHDL File                     ; /home/sirivasv/Documents/MCC/MCC-AC/Practica4/memoria.vhd       ;         ;
; register2.vhd                    ; yes             ; User VHDL File                     ; /home/sirivasv/Documents/MCC/MCC-AC/Practica4/register2.vhd     ;         ;
; register1.vhd                    ; yes             ; User VHDL File                     ; /home/sirivasv/Documents/MCC/MCC-AC/Practica4/register1.vhd     ;         ;
; mux4.vhd                         ; yes             ; User VHDL File                     ; /home/sirivasv/Documents/MCC/MCC-AC/Practica4/mux4.vhd          ;         ;
; mux2x4.vhd                       ; yes             ; User VHDL File                     ; /home/sirivasv/Documents/MCC/MCC-AC/Practica4/mux2x4.vhd        ;         ;
; incrementador.vhd                ; yes             ; User VHDL File                     ; /home/sirivasv/Documents/MCC/MCC-AC/Practica4/incrementador.vhd ;         ;
; logicaInterna.vhd                ; yes             ; User VHDL File                     ; /home/sirivasv/Documents/MCC/MCC-AC/Practica4/logicaInterna.vhd ;         ;
; ligaReg.vhd                      ; yes             ; User VHDL File                     ; /home/sirivasv/Documents/MCC/MCC-AC/Practica4/ligaReg.vhd       ;         ;
; regmux.vhd                       ; yes             ; User VHDL File                     ; /home/sirivasv/Documents/MCC/MCC-AC/Practica4/regmux.vhd        ;         ;
; sensa_boton.vhd                  ; yes             ; User VHDL File                     ; /home/sirivasv/Documents/MCC/MCC-AC/Practica4/sensa_boton.vhd   ;         ;
+----------------------------------+-----------------+------------------------------------+-----------------------------------------------------------------+---------+


+--------------------------------------------------------------------+
; Analysis & Synthesis Resource Usage Summary                        ;
+---------------------------------------------+----------------------+
; Resource                                    ; Usage                ;
+---------------------------------------------+----------------------+
; Estimated Total logic elements              ; 89                   ;
;                                             ;                      ;
; Total combinational functions               ; 87                   ;
; Logic element usage by number of LUT inputs ;                      ;
;     -- 4 input functions                    ; 55                   ;
;     -- 3 input functions                    ; 30                   ;
;     -- <=2 input functions                  ; 2                    ;
;                                             ;                      ;
; Logic elements by mode                      ;                      ;
;     -- normal mode                          ; 87                   ;
;     -- arithmetic mode                      ; 0                    ;
;                                             ;                      ;
; Total registers                             ; 20                   ;
;     -- Dedicated logic registers            ; 20                   ;
;     -- I/O registers                        ; 0                    ;
;                                             ;                      ;
; I/O pins                                    ; 18                   ;
;                                             ;                      ;
; Embedded Multiplier 9-bit elements          ; 0                    ;
;                                             ;                      ;
; Maximum fan-out node                        ; mux2x4:inst18|b[0]~8 ;
; Maximum fan-out                             ; 43                   ;
; Total fan-out                               ; 400                  ;
; Average fan-out                             ; 2.80                 ;
+---------------------------------------------+----------------------+


+------------------------------------------------------------------------------------------------------------------------------------------------------------------------------------------------------------------------+
; Analysis & Synthesis Resource Utilization by Entity                                                                                                                                                                    ;
+----------------------------+---------------------+---------------------------+-------------+--------------+---------+-----------+------+--------------+---------------------------------+---------------+--------------+
; Compilation Hierarchy Node ; Combinational ALUTs ; Dedicated Logic Registers ; Memory Bits ; DSP Elements ; DSP 9x9 ; DSP 18x18 ; Pins ; Virtual Pins ; Full Hierarchy Name             ; Entity Name   ; Library Name ;
+----------------------------+---------------------+---------------------------+-------------+--------------+---------+-----------+------+--------------+---------------------------------+---------------+--------------+
; |Practica4                 ; 87 (0)              ; 20 (0)                    ; 0           ; 0            ; 0       ; 0         ; 18   ; 0            ; |Practica4                      ; Practica4     ; work         ;
;    |incrementador:inst17|  ; 3 (3)               ; 0 (0)                     ; 0           ; 0            ; 0       ; 0         ; 0    ; 0            ; |Practica4|incrementador:inst17 ; incrementador ; work         ;
;    |ligaReg:inst20|        ; 0 (0)               ; 4 (4)                     ; 0           ; 0            ; 0       ; 0         ; 0    ; 0            ; |Practica4|ligaReg:inst20       ; ligaReg       ; work         ;
;    |logicaInterna:inst19|  ; 9 (9)               ; 0 (0)                     ; 0           ; 0            ; 0       ; 0         ; 0    ; 0            ; |Practica4|logicaInterna:inst19 ; logicaInterna ; work         ;
;    |memoria:inst7|         ; 64 (64)             ; 0 (0)                     ; 0           ; 0            ; 0       ; 0         ; 0    ; 0            ; |Practica4|memoria:inst7        ; memoria       ; work         ;
;    |mux2x4:inst18|         ; 9 (9)               ; 0 (0)                     ; 0           ; 0            ; 0       ; 0         ; 0    ; 0            ; |Practica4|mux2x4:inst18        ; mux2x4        ; work         ;
;    |rInt4nin:inst22|       ; 0 (0)               ; 1 (1)                     ; 0           ; 0            ; 0       ; 0         ; 0    ; 0            ; |Practica4|rInt4nin:inst22      ; rInt4nin      ; work         ;
;    |register1:inst11|      ; 0 (0)               ; 1 (1)                     ; 0           ; 0            ; 0       ; 0         ; 0    ; 0            ; |Practica4|register1:inst11     ; register1     ; work         ;
;    |register2:inst10|      ; 0 (0)               ; 2 (2)                     ; 0           ; 0            ; 0       ; 0         ; 0    ; 0            ; |Practica4|register2:inst10     ; register2     ; work         ;
;    |register2:inst9|       ; 0 (0)               ; 2 (2)                     ; 0           ; 0            ; 0       ; 0         ; 0    ; 0            ; |Practica4|register2:inst9      ; register2     ; work         ;
;    |register4:inst12|      ; 0 (0)               ; 4 (4)                     ; 0           ; 0            ; 0       ; 0         ; 0    ; 0            ; |Practica4|register4:inst12     ; register4     ; work         ;
;    |register4:inst16|      ; 1 (1)               ; 4 (4)                     ; 0           ; 0            ; 0       ; 0         ; 0    ; 0            ; |Practica4|register4:inst16     ; register4     ; work         ;
;    |sensa_boton:inst2|     ; 1 (1)               ; 2 (2)                     ; 0           ; 0            ; 0       ; 0         ; 0    ; 0            ; |Practica4|sensa_boton:inst2    ; sensa_boton   ; work         ;
+----------------------------+---------------------+---------------------------+-------------+--------------+---------+-----------+------+--------------+---------------------------------+---------------+--------------+
Note: For table entries with two numbers listed, the numbers in parentheses indicate the number of resources of the given type used by the specific entity alone. The numbers listed outside of parentheses indicate the total resources of the given type used by the specific entity and all of its sub-entities in the hierarchy.


+----------------------------------------------------------------------------------------------------+
; User-Specified and Inferred Latches                                                                ;
+-----------------------------------------------------+---------------------+------------------------+
; Latch Name                                          ; Latch Enable Signal ; Free of Timing Hazards ;
+-----------------------------------------------------+---------------------+------------------------+
; logicaInterna:inst19|sel                            ; VCC                 ; yes                    ;
; memoria:inst7|salidas[3]                            ; GND                 ; yes                    ;
; memoria:inst7|salidas[2]                            ; GND                 ; yes                    ;
; memoria:inst7|salidas[1]                            ; GND                 ; yes                    ;
; memoria:inst7|salidas[0]                            ; GND                 ; yes                    ;
; memoria:inst7|instr[1]                              ; GND                 ; yes                    ;
; memoria:inst7|liga[3]                               ; GND                 ; yes                    ;
; memoria:inst7|instr[0]                              ; GND                 ; yes                    ;
; memoria:inst7|liga[2]                               ; GND                 ; yes                    ;
; memoria:inst7|liga[1]                               ; GND                 ; yes                    ;
; memoria:inst7|liga[0]                               ; GND                 ; yes                    ;
; memoria:inst7|vf                                    ; GND                 ; yes                    ;
; memoria:inst7|prueba[1]                             ; GND                 ; yes                    ;
; memoria:inst7|prueba[0]                             ; GND                 ; yes                    ;
; Number of user-specified and inferred latches = 14  ;                     ;                        ;
+-----------------------------------------------------+---------------------+------------------------+
Note: All latches listed above may not be present at the end of synthesis due to various synthesis optimizations.


+--------------------------------------------------------------------------------+
; Registers Removed During Synthesis                                             ;
+---------------------------------------+----------------------------------------+
; Register name                         ; Reason for Removal                     ;
+---------------------------------------+----------------------------------------+
; rTrans4nin:inst23|Q[1]                ; Stuck at GND due to stuck port data_in ;
; rInt4nin:inst22|Q[2]                  ; Stuck at GND due to stuck port data_in ;
; rInt4nin:inst22|Q[1,3]                ; Merged with rInt4nin:inst22|Q[0]       ;
; rTrans4nin:inst23|Q[0,2,3]            ; Merged with rInt4nin:inst22|Q[0]       ;
; Total Number of Removed Registers = 7 ;                                        ;
+---------------------------------------+----------------------------------------+


+------------------------------------------------------+
; General Register Statistics                          ;
+----------------------------------------------+-------+
; Statistic                                    ; Value ;
+----------------------------------------------+-------+
; Total registers                              ; 20    ;
; Number of registers using Synchronous Clear  ; 0     ;
; Number of registers using Synchronous Load   ; 0     ;
; Number of registers using Asynchronous Clear ; 18    ;
; Number of registers using Asynchronous Load  ; 0     ;
; Number of registers using Clock Enable       ; 0     ;
; Number of registers using Preset             ; 0     ;
+----------------------------------------------+-------+


+--------------------------------------------------------------------------------------------------------------------------------------------------+
; Multiplexer Restructuring Statistics (Restructuring Performed)                                                                                   ;
+--------------------+-----------+---------------+----------------------+------------------------+------------+------------------------------------+
; Multiplexer Inputs ; Bus Width ; Baseline Area ; Area if Restructured ; Saving if Restructured ; Registered ; Example Multiplexer Output         ;
+--------------------+-----------+---------------+----------------------+------------------------+------------+------------------------------------+
; 16:1               ; 2 bits    ; 20 LEs        ; 12 LEs               ; 8 LEs                  ; No         ; |Practica4|memoria:inst7|instr[0]  ;
; 5:1                ; 2 bits    ; 6 LEs         ; 6 LEs                ; 0 LEs                  ; No         ; |Practica4|memoria:inst7|prueba[0] ;
+--------------------+-----------+---------------+----------------------+------------------------+------------+------------------------------------+


+-----------------------------------------------------+
; Post-Synthesis Netlist Statistics for Top Partition ;
+-----------------------+-----------------------------+
; Type                  ; Count                       ;
+-----------------------+-----------------------------+
; boundary_port         ; 18                          ;
; cycloneiii_ff         ; 20                          ;
;     CLR               ; 18                          ;
;     plain             ; 2                           ;
; cycloneiii_lcell_comb ; 87                          ;
;     normal            ; 87                          ;
;         1 data inputs ; 1                           ;
;         2 data inputs ; 1                           ;
;         3 data inputs ; 30                          ;
;         4 data inputs ; 55                          ;
;                       ;                             ;
; Max LUT depth         ; 9.00                        ;
; Average LUT depth     ; 6.63                        ;
+-----------------------+-----------------------------+


+-------------------------------+
; Elapsed Time Per Partition    ;
+----------------+--------------+
; Partition Name ; Elapsed Time ;
+----------------+--------------+
; Top            ; 00:00:00     ;
+----------------+--------------+


+-------------------------------+
; Analysis & Synthesis Messages ;
+-------------------------------+
Info: *******************************************************************
Info: Running Quartus Prime Analysis & Synthesis
    Info: Version 18.1.0 Build 625 09/12/2018 SJ Lite Edition
    Info: Processing started: Sun Sep 29 21:12:57 2019
Info: Command: quartus_map --read_settings_files=on --write_settings_files=off Practica4 -c Practica4
Info (20030): Parallel compilation is enabled and will use 4 of the 4 processors detected
Info (12021): Found 2 design units, including 1 entities, in source file divider.vhd
    Info (12022): Found design unit 1: divider-Behavioral File: /home/sirivasv/Documents/MCC/MCC-AC/Practica4/divider.vhd Line: 11
    Info (12023): Found entity 1: divider File: /home/sirivasv/Documents/MCC/MCC-AC/Practica4/divider.vhd Line: 6
Info (12021): Found 1 design units, including 1 entities, in source file Practica4.bdf
    Info (12023): Found entity 1: Practica4
Info (12021): Found 2 design units, including 1 entities, in source file register4.vhd
    Info (12022): Found design unit 1: register4-Behavioral File: /home/sirivasv/Documents/MCC/MCC-AC/Practica4/register4.vhd Line: 15
    Info (12023): Found entity 1: register4 File: /home/sirivasv/Documents/MCC/MCC-AC/Practica4/register4.vhd Line: 6
Info (12021): Found 2 design units, including 1 entities, in source file rTrans4nin.vhd
    Info (12022): Found design unit 1: rTrans4nin-Behavioral File: /home/sirivasv/Documents/MCC/MCC-AC/Practica4/rTrans4nin.vhd Line: 14
    Info (12023): Found entity 1: rTrans4nin File: /home/sirivasv/Documents/MCC/MCC-AC/Practica4/rTrans4nin.vhd Line: 6
Info (12021): Found 2 design units, including 1 entities, in source file rInt4nin.vhd
    Info (12022): Found design unit 1: rInt4nin-Behavioral File: /home/sirivasv/Documents/MCC/MCC-AC/Practica4/rInt4nin.vhd Line: 14
    Info (12023): Found entity 1: rInt4nin File: /home/sirivasv/Documents/MCC/MCC-AC/Practica4/rInt4nin.vhd Line: 6
Info (12021): Found 2 design units, including 1 entities, in source file memoria.vhd
    Info (12022): Found design unit 1: memoria-Behavioral File: /home/sirivasv/Documents/MCC/MCC-AC/Practica4/memoria.vhd Line: 17
    Info (12023): Found entity 1: memoria File: /home/sirivasv/Documents/MCC/MCC-AC/Practica4/memoria.vhd Line: 6
Info (12021): Found 2 design units, including 1 entities, in source file register2.vhd
    Info (12022): Found design unit 1: register2-Behavioral File: /home/sirivasv/Documents/MCC/MCC-AC/Practica4/register2.vhd Line: 15
    Info (12023): Found entity 1: register2 File: /home/sirivasv/Documents/MCC/MCC-AC/Practica4/register2.vhd Line: 6
Info (12021): Found 2 design units, including 1 entities, in source file register1.vhd
    Info (12022): Found design unit 1: register1-Behavioral File: /home/sirivasv/Documents/MCC/MCC-AC/Practica4/register1.vhd Line: 15
    Info (12023): Found entity 1: register1 File: /home/sirivasv/Documents/MCC/MCC-AC/Practica4/register1.vhd Line: 6
Info (12021): Found 2 design units, including 1 entities, in source file mux4.vhd
    Info (12022): Found design unit 1: mux4-Behavioral File: /home/sirivasv/Documents/MCC/MCC-AC/Practica4/mux4.vhd Line: 15
    Info (12023): Found entity 1: mux4 File: /home/sirivasv/Documents/MCC/MCC-AC/Practica4/mux4.vhd Line: 5
Info (12021): Found 2 design units, including 1 entities, in source file mux2x4.vhd
    Info (12022): Found design unit 1: mux2x4-Behavioral File: /home/sirivasv/Documents/MCC/MCC-AC/Practica4/mux2x4.vhd Line: 15
    Info (12023): Found entity 1: mux2x4 File: /home/sirivasv/Documents/MCC/MCC-AC/Practica4/mux2x4.vhd Line: 6
Info (12021): Found 2 design units, including 1 entities, in source file incrementador.vhd
    Info (12022): Found design unit 1: incrementador-Behavioral File: /home/sirivasv/Documents/MCC/MCC-AC/Practica4/incrementador.vhd Line: 12
    Info (12023): Found entity 1: incrementador File: /home/sirivasv/Documents/MCC/MCC-AC/Practica4/incrementador.vhd Line: 5
Info (12021): Found 2 design units, including 1 entities, in source file logicaInterna.vhd
    Info (12022): Found design unit 1: logicaInterna-Behavioral File: /home/sirivasv/Documents/MCC/MCC-AC/Practica4/logicaInterna.vhd Line: 16
    Info (12023): Found entity 1: logicaInterna File: /home/sirivasv/Documents/MCC/MCC-AC/Practica4/logicaInterna.vhd Line: 5
Info (12021): Found 2 design units, including 1 entities, in source file ligaReg.vhd
    Info (12022): Found design unit 1: ligaReg-Behavioral File: /home/sirivasv/Documents/MCC/MCC-AC/Practica4/ligaReg.vhd Line: 15
    Info (12023): Found entity 1: ligaReg File: /home/sirivasv/Documents/MCC/MCC-AC/Practica4/ligaReg.vhd Line: 6
Info (12021): Found 2 design units, including 1 entities, in source file tri3.vhd
    Info (12022): Found design unit 1: tri3-Behavioral File: /home/sirivasv/Documents/MCC/MCC-AC/Practica4/tri3.vhd Line: 13
    Info (12023): Found entity 1: tri3 File: /home/sirivasv/Documents/MCC/MCC-AC/Practica4/tri3.vhd Line: 5
Info (12021): Found 2 design units, including 1 entities, in source file regmux.vhd
    Info (12022): Found design unit 1: regmux-Behavioral File: /home/sirivasv/Documents/MCC/MCC-AC/Practica4/regmux.vhd Line: 17
    Info (12023): Found entity 1: regmux File: /home/sirivasv/Documents/MCC/MCC-AC/Practica4/regmux.vhd Line: 5
Info (12021): Found 2 design units, including 1 entities, in source file sensa_boton.vhd
    Info (12022): Found design unit 1: sensa_boton-Behavioral File: /home/sirivasv/Documents/MCC/MCC-AC/Practica4/sensa_boton.vhd Line: 14
    Info (12023): Found entity 1: sensa_boton File: /home/sirivasv/Documents/MCC/MCC-AC/Practica4/sensa_boton.vhd Line: 7
Info (12127): Elaborating entity "Practica4" for the top level hierarchy
Info (12128): Elaborating entity "mux2x4" for hierarchy "mux2x4:inst18"
Info (12128): Elaborating entity "logicaInterna" for hierarchy "logicaInterna:inst19"
Warning (10631): VHDL Process Statement warning at logicaInterna.vhd(18): inferring latch(es) for signal or variable "sel", which holds its previous value in one or more paths through the process File: /home/sirivasv/Documents/MCC/MCC-AC/Practica4/logicaInterna.vhd Line: 18
Warning (10631): VHDL Process Statement warning at logicaInterna.vhd(18): inferring latch(es) for signal or variable "PL_SIG", which holds its previous value in one or more paths through the process File: /home/sirivasv/Documents/MCC/MCC-AC/Practica4/logicaInterna.vhd Line: 18
Warning (10631): VHDL Process Statement warning at logicaInterna.vhd(18): inferring latch(es) for signal or variable "MAP_SIG", which holds its previous value in one or more paths through the process File: /home/sirivasv/Documents/MCC/MCC-AC/Practica4/logicaInterna.vhd Line: 18
Warning (10631): VHDL Process Statement warning at logicaInterna.vhd(18): inferring latch(es) for signal or variable "VECT_SIG", which holds its previous value in one or more paths through the process File: /home/sirivasv/Documents/MCC/MCC-AC/Practica4/logicaInterna.vhd Line: 18
Info (10041): Inferred latch for "VECT_SIG" at logicaInterna.vhd(18) File: /home/sirivasv/Documents/MCC/MCC-AC/Practica4/logicaInterna.vhd Line: 18
Info (10041): Inferred latch for "MAP_SIG" at logicaInterna.vhd(18) File: /home/sirivasv/Documents/MCC/MCC-AC/Practica4/logicaInterna.vhd Line: 18
Info (10041): Inferred latch for "PL_SIG" at logicaInterna.vhd(18) File: /home/sirivasv/Documents/MCC/MCC-AC/Practica4/logicaInterna.vhd Line: 18
Info (10041): Inferred latch for "sel" at logicaInterna.vhd(18) File: /home/sirivasv/Documents/MCC/MCC-AC/Practica4/logicaInterna.vhd Line: 18
Info (12128): Elaborating entity "mux4" for hierarchy "mux4:inst13"
Info (12128): Elaborating entity "register2" for hierarchy "register2:inst10"
Info (12128): Elaborating entity "sensa_boton" for hierarchy "sensa_boton:inst2"
Warning (10492): VHDL Process Statement warning at sensa_boton.vhd(18): signal "clk" is read inside the Process Statement but isn't in the Process Statement's sensitivity list File: /home/sirivasv/Documents/MCC/MCC-AC/Practica4/sensa_boton.vhd Line: 18
Info (12128): Elaborating entity "memoria" for hierarchy "memoria:inst7"
Warning (10631): VHDL Process Statement warning at memoria.vhd(19): inferring latch(es) for signal or variable "liga", which holds its previous value in one or more paths through the process File: /home/sirivasv/Documents/MCC/MCC-AC/Practica4/memoria.vhd Line: 19
Warning (10631): VHDL Process Statement warning at memoria.vhd(19): inferring latch(es) for signal or variable "instr", which holds its previous value in one or more paths through the process File: /home/sirivasv/Documents/MCC/MCC-AC/Practica4/memoria.vhd Line: 19
Warning (10631): VHDL Process Statement warning at memoria.vhd(19): inferring latch(es) for signal or variable "prueba", which holds its previous value in one or more paths through the process File: /home/sirivasv/Documents/MCC/MCC-AC/Practica4/memoria.vhd Line: 19
Warning (10631): VHDL Process Statement warning at memoria.vhd(19): inferring latch(es) for signal or variable "vf", which holds its previous value in one or more paths through the process File: /home/sirivasv/Documents/MCC/MCC-AC/Practica4/memoria.vhd Line: 19
Warning (10631): VHDL Process Statement warning at memoria.vhd(19): inferring latch(es) for signal or variable "salidas", which holds its previous value in one or more paths through the process File: /home/sirivasv/Documents/MCC/MCC-AC/Practica4/memoria.vhd Line: 19
Info (10041): Inferred latch for "salidas[0]" at memoria.vhd(19) File: /home/sirivasv/Documents/MCC/MCC-AC/Practica4/memoria.vhd Line: 19
Info (10041): Inferred latch for "salidas[1]" at memoria.vhd(19) File: /home/sirivasv/Documents/MCC/MCC-AC/Practica4/memoria.vhd Line: 19
Info (10041): Inferred latch for "salidas[2]" at memoria.vhd(19) File: /home/sirivasv/Documents/MCC/MCC-AC/Practica4/memoria.vhd Line: 19
Info (10041): Inferred latch for "salidas[3]" at memoria.vhd(19) File: /home/sirivasv/Documents/MCC/MCC-AC/Practica4/memoria.vhd Line: 19
Info (10041): Inferred latch for "vf" at memoria.vhd(19) File: /home/sirivasv/Documents/MCC/MCC-AC/Practica4/memoria.vhd Line: 19
Info (10041): Inferred latch for "prueba[0]" at memoria.vhd(19) File: /home/sirivasv/Documents/MCC/MCC-AC/Practica4/memoria.vhd Line: 19
Info (10041): Inferred latch for "prueba[1]" at memoria.vhd(19) File: /home/sirivasv/Documents/MCC/MCC-AC/Practica4/memoria.vhd Line: 19
Info (10041): Inferred latch for "instr[0]" at memoria.vhd(19) File: /home/sirivasv/Documents/MCC/MCC-AC/Practica4/memoria.vhd Line: 19
Info (10041): Inferred latch for "instr[1]" at memoria.vhd(19) File: /home/sirivasv/Documents/MCC/MCC-AC/Practica4/memoria.vhd Line: 19
Info (10041): Inferred latch for "liga[0]" at memoria.vhd(19) File: /home/sirivasv/Documents/MCC/MCC-AC/Practica4/memoria.vhd Line: 19
Info (10041): Inferred latch for "liga[1]" at memoria.vhd(19) File: /home/sirivasv/Documents/MCC/MCC-AC/Practica4/memoria.vhd Line: 19
Info (10041): Inferred latch for "liga[2]" at memoria.vhd(19) File: /home/sirivasv/Documents/MCC/MCC-AC/Practica4/memoria.vhd Line: 19
Info (10041): Inferred latch for "liga[3]" at memoria.vhd(19) File: /home/sirivasv/Documents/MCC/MCC-AC/Practica4/memoria.vhd Line: 19
Info (12128): Elaborating entity "register1" for hierarchy "register1:inst11"
Info (12128): Elaborating entity "regmux" for hierarchy "regmux:inst1"
Info (12128): Elaborating entity "rInt4nin" for hierarchy "rInt4nin:inst22"
Info (12128): Elaborating entity "ligaReg" for hierarchy "ligaReg:inst20"
Info (12128): Elaborating entity "rTrans4nin" for hierarchy "rTrans4nin:inst23"
Info (12128): Elaborating entity "register4" for hierarchy "register4:inst16"
Info (12128): Elaborating entity "incrementador" for hierarchy "incrementador:inst17"
Info (12128): Elaborating entity "divider" for hierarchy "divider:inst"
Info (286030): Timing-Driven Synthesis is running
Info (16010): Generating hard_block partition "hard_block:auto_generated_inst"
    Info (16011): Adding 0 node(s), including 0 DDIO, 0 PLL, 0 transceiver and 0 LCELL
Info (21057): Implemented 120 device resources after synthesis - the final resource count might be different
    Info (21058): Implemented 6 input pins
    Info (21059): Implemented 12 output pins
    Info (21061): Implemented 102 logic cells
Info: Quartus Prime Analysis & Synthesis was successful. 0 errors, 10 warnings
    Info: Peak virtual memory: 1007 megabytes
    Info: Processing ended: Sun Sep 29 21:13:08 2019
    Info: Elapsed time: 00:00:11
    Info: Total CPU time (on all processors): 00:00:27


